2021-05-06 18:40:13,629 main:50 - INFO: New Session Started
2021-05-06 18:40:13,629 consensus:25 - DEBUG: Consensus server started at port 8100
2021-05-06 18:40:13,704 main:76 - INFO: Node started at port 8101 with hash 73ef62462b153ee6b09eae1971823f227fc52f85a70639baacf489c1d915c855
2021-05-06 18:40:13,709 communication:978 - DEBUG: first node is securing its consensus index
2021-05-06 18:40:13,716 communication:109 - DEBUG: Validators updated at node 8101 from introduction
2021-05-06 18:40:13,717 blockchain_funcs:250 - DEBUG: adding transaction at port 8100, new size: 1 (hash: 408a286104550b6a0cdc2f7590cedec33d9421b82f443f13241ee0d1623e26f8, T_time:1620340813.7143822 > B_time(i:0):1620340813.696487)
2021-05-06 18:40:13,718 consensus:530 - DEBUG: selected new validators:[8101]
2021-05-06 18:40:13,718 consensus:564 - DEBUG: Broadcasting validators from smart contract
2021-05-06 18:40:13,720 blockchain_funcs:250 - DEBUG: adding transaction at port 8101, new size: 1 (hash: 408a286104550b6a0cdc2f7590cedec33d9421b82f443f13241ee0d1623e26f8, T_time:1620340813.7143822 > B_time(i:0):1620340813.704013)
2021-05-06 18:40:13,721 communication:849 - DEBUG: Node 8101 is correcting its blockchain to idx:0, hash:1637811a0e12e35ab0e937c4f89c4035addb1ea2b9c4ac92c3584c8dd8062a30
2021-05-06 18:40:13,721 blockchain_funcs:250 - DEBUG: adding transaction at port 8101, new size: 1 (hash: 408a286104550b6a0cdc2f7590cedec33d9421b82f443f13241ee0d1623e26f8, T_time:1620340813.7143822 > B_time(i:0):1620340813.696487)
2021-05-06 18:40:13,721 communication:859 - DEBUG: Node 8101 is correcting its transactions to size 1
2021-05-06 18:40:13,722 communication:861 - DEBUG: Node 8101 transactions popped down to size: 1
2021-05-06 18:40:13,724 communication:180 - DEBUG: Updating validators at node 8101 from broadcast, me?:True
2021-05-06 18:40:13,773 consensus:143 - DEBUG: Received blank message at port 8100
2021-05-06 18:40:13,814 main:76 - INFO: Node started at port 8102 with hash 7fc1b8d0c1fc29ae1a2f66787a14602aa5ab7e4e97b1248d8d3ee93abb45c368
2021-05-06 18:40:13,826 communication:109 - DEBUG: Validators updated at node 8102 from introduction
2021-05-06 18:40:13,828 communication:299 - DEBUG: node 8102 received response from 8101, 1/1
2021-05-06 18:40:13,828 communication:330 - DEBUG: Response timer STARTED at node 8102
2021-05-06 18:40:13,828 blockchain_funcs:250 - DEBUG: adding transaction at port 8101, new size: 2 (hash: 35d68f2be6206ccacca6ada493a90599ecbb4c4aa7879e509e71e3b08475930b, T_time:1620340813.823678 > B_time(i:0):1620340813.696487)
2021-05-06 18:40:13,828 communication:337 - DEBUG: node 8102 is performing consensus after 1/1 
2021-05-06 18:40:13,828 blockchain_funcs:397 - DEBUG: Response timer STOPPED at node 8102
2021-05-06 18:40:13,828 blockchain_funcs:419 - DEBUG: node: 8102 bf_consensus (idx:-1) popping 93f2c7d7af13ca0ba31e16715d6c93712e6c759648ab37a245c85abc071a71af
2021-05-06 18:40:13,829 blockchain_funcs:428 - DEBUG: node: 8102 bf_consensus adding 1637811a0e12e35ab0e937c4f89c4035addb1ea2b9c4ac92c3584c8dd8062a30
2021-05-06 18:40:13,829 blockchain_funcs:432 - DEBUG: Consensus performed, resulting chain: 1637811a0e12e35ab0e937c4f89c4035addb1ea2b9c4ac92c3584c8dd8062a30
2021-05-06 18:40:13,829 blockchain_funcs:250 - DEBUG: adding transaction at port 8102, new size: 1 (hash: 408a286104550b6a0cdc2f7590cedec33d9421b82f443f13241ee0d1623e26f8, T_time:1620340813.7143822 > B_time(i:0):1620340813.696487)
2021-05-06 18:40:13,829 blockchain_funcs:448 - DEBUG: Transaction Consensus completed at node 8102, resulting size:1
2021-05-06 18:40:13,829 blockchain_funcs:250 - DEBUG: adding transaction at port 8100, new size: 2 (hash: 35d68f2be6206ccacca6ada493a90599ecbb4c4aa7879e509e71e3b08475930b, T_time:1620340813.823678 > B_time(i:0):1620340813.696487)
2021-05-06 18:40:13,830 blockchain_funcs:482 - DEBUG: node 8102 consensus reset
2021-05-06 18:40:13,832 blockchain_funcs:250 - DEBUG: adding transaction at port 8102, new size: 2 (hash: 35d68f2be6206ccacca6ada493a90599ecbb4c4aa7879e509e71e3b08475930b, T_time:1620340813.823678 > B_time(i:0):1620340813.696487)
2021-05-06 18:40:13,962 consensus:143 - DEBUG: Received blank message at port 8100
2021-05-06 18:40:14,003 main:76 - INFO: Node started at port 8103 with hash 71c8e2834f667e2379b0fca94adb75473c3e2a8359ebe4f98c1553131d57e52d
2021-05-06 18:40:14,017 communication:109 - DEBUG: Validators updated at node 8103 from introduction
2021-05-06 18:40:14,020 communication:299 - DEBUG: node 8103 received response from 8101, 1/2
2021-05-06 18:40:14,020 communication:330 - DEBUG: Response timer STARTED at node 8103
2021-05-06 18:40:14,020 blockchain_funcs:250 - DEBUG: adding transaction at port 8101, new size: 3 (hash: 0160b747bc7c46b40f8d626db0011fe2faf4db0bc30b889e9ad3b2f7a0927612, T_time:1620340814.0149891 > B_time(i:0):1620340813.696487)
2021-05-06 18:40:14,023 communication:299 - DEBUG: node 8103 received response from 8102, 2/2
2021-05-06 18:40:14,023 communication:337 - DEBUG: node 8103 is performing consensus after 2/2 
2021-05-06 18:40:14,023 blockchain_funcs:397 - DEBUG: Response timer STOPPED at node 8103
2021-05-06 18:40:14,023 blockchain_funcs:419 - DEBUG: node: 8103 bf_consensus (idx:-1) popping ab1b6d2cafbbbc59fe9a5640e574f883c242444f8a28011adc416baa3cc31e4f
2021-05-06 18:40:14,023 blockchain_funcs:428 - DEBUG: node: 8103 bf_consensus adding 1637811a0e12e35ab0e937c4f89c4035addb1ea2b9c4ac92c3584c8dd8062a30
2021-05-06 18:40:14,023 blockchain_funcs:432 - DEBUG: Consensus performed, resulting chain: 1637811a0e12e35ab0e937c4f89c4035addb1ea2b9c4ac92c3584c8dd8062a30
2021-05-06 18:40:14,023 blockchain_funcs:250 - DEBUG: adding transaction at port 8103, new size: 1 (hash: 408a286104550b6a0cdc2f7590cedec33d9421b82f443f13241ee0d1623e26f8, T_time:1620340813.7143822 > B_time(i:0):1620340813.696487)
2021-05-06 18:40:14,023 blockchain_funcs:250 - DEBUG: adding transaction at port 8103, new size: 2 (hash: 35d68f2be6206ccacca6ada493a90599ecbb4c4aa7879e509e71e3b08475930b, T_time:1620340813.823678 > B_time(i:0):1620340813.696487)
2021-05-06 18:40:14,023 blockchain_funcs:250 - DEBUG: adding transaction at port 8102, new size: 3 (hash: 0160b747bc7c46b40f8d626db0011fe2faf4db0bc30b889e9ad3b2f7a0927612, T_time:1620340814.0149891 > B_time(i:0):1620340813.696487)
2021-05-06 18:40:14,023 blockchain_funcs:448 - DEBUG: Transaction Consensus completed at node 8103, resulting size:2
2021-05-06 18:40:14,024 blockchain_funcs:250 - DEBUG: adding transaction at port 8100, new size: 3 (hash: 0160b747bc7c46b40f8d626db0011fe2faf4db0bc30b889e9ad3b2f7a0927612, T_time:1620340814.0149891 > B_time(i:0):1620340813.696487)
2021-05-06 18:40:14,024 blockchain_funcs:482 - DEBUG: node 8103 consensus reset
2021-05-06 18:40:14,026 blockchain_funcs:250 - DEBUG: adding transaction at port 8103, new size: 3 (hash: 0160b747bc7c46b40f8d626db0011fe2faf4db0bc30b889e9ad3b2f7a0927612, T_time:1620340814.0149891 > B_time(i:0):1620340813.696487)
2021-05-06 18:40:14,177 consensus:143 - DEBUG: Received blank message at port 8100
2021-05-06 18:40:14,224 main:76 - INFO: Node started at port 8104 with hash c9b0d9a6714870456b50da4b15c322353c51cde668616569c37b3dbd07c05f30
2021-05-06 18:40:14,239 communication:109 - DEBUG: Validators updated at node 8104 from introduction
2021-05-06 18:40:14,243 communication:299 - DEBUG: node 8104 received response from 8101, 1/3
2021-05-06 18:40:14,243 communication:330 - DEBUG: Response timer STARTED at node 8104
2021-05-06 18:40:14,243 blockchain_funcs:250 - DEBUG: adding transaction at port 8101, new size: 4 (hash: f03776a505250e41e5149e85f17b6e3e37d57d82280d54b05370099ac5f968e6, T_time:1620340814.236674 > B_time(i:0):1620340813.696487)
2021-05-06 18:40:14,246 communication:299 - DEBUG: node 8104 received response from 8102, 2/3
2021-05-06 18:40:14,247 blockchain_funcs:250 - DEBUG: adding transaction at port 8102, new size: 4 (hash: f03776a505250e41e5149e85f17b6e3e37d57d82280d54b05370099ac5f968e6, T_time:1620340814.236674 > B_time(i:0):1620340813.696487)
2021-05-06 18:40:14,249 communication:299 - DEBUG: node 8104 received response from 8103, 3/3
2021-05-06 18:40:14,249 communication:337 - DEBUG: node 8104 is performing consensus after 3/3 
2021-05-06 18:40:14,249 blockchain_funcs:397 - DEBUG: Response timer STOPPED at node 8104
2021-05-06 18:40:14,250 blockchain_funcs:419 - DEBUG: node: 8104 bf_consensus (idx:-1) popping cef2f205157cc1b80f3910649add518be55f77eb6cf5643baeeedf6fcf6c3c31
2021-05-06 18:40:14,250 blockchain_funcs:250 - DEBUG: adding transaction at port 8103, new size: 4 (hash: f03776a505250e41e5149e85f17b6e3e37d57d82280d54b05370099ac5f968e6, T_time:1620340814.236674 > B_time(i:0):1620340813.696487)
2021-05-06 18:40:14,250 blockchain_funcs:428 - DEBUG: node: 8104 bf_consensus adding 1637811a0e12e35ab0e937c4f89c4035addb1ea2b9c4ac92c3584c8dd8062a30
2021-05-06 18:40:14,250 blockchain_funcs:432 - DEBUG: Consensus performed, resulting chain: 1637811a0e12e35ab0e937c4f89c4035addb1ea2b9c4ac92c3584c8dd8062a30
2021-05-06 18:40:14,250 blockchain_funcs:250 - DEBUG: adding transaction at port 8104, new size: 1 (hash: 408a286104550b6a0cdc2f7590cedec33d9421b82f443f13241ee0d1623e26f8, T_time:1620340813.7143822 > B_time(i:0):1620340813.696487)
2021-05-06 18:40:14,250 blockchain_funcs:250 - DEBUG: adding transaction at port 8104, new size: 2 (hash: 35d68f2be6206ccacca6ada493a90599ecbb4c4aa7879e509e71e3b08475930b, T_time:1620340813.823678 > B_time(i:0):1620340813.696487)
2021-05-06 18:40:14,250 blockchain_funcs:250 - DEBUG: adding transaction at port 8104, new size: 3 (hash: 0160b747bc7c46b40f8d626db0011fe2faf4db0bc30b889e9ad3b2f7a0927612, T_time:1620340814.0149891 > B_time(i:0):1620340813.696487)
2021-05-06 18:40:14,250 blockchain_funcs:448 - DEBUG: Transaction Consensus completed at node 8104, resulting size:3
2021-05-06 18:40:14,250 blockchain_funcs:250 - DEBUG: adding transaction at port 8100, new size: 4 (hash: f03776a505250e41e5149e85f17b6e3e37d57d82280d54b05370099ac5f968e6, T_time:1620340814.236674 > B_time(i:0):1620340813.696487)
2021-05-06 18:40:14,251 blockchain_funcs:482 - DEBUG: node 8104 consensus reset
2021-05-06 18:40:14,254 blockchain_funcs:250 - DEBUG: adding transaction at port 8104, new size: 4 (hash: f03776a505250e41e5149e85f17b6e3e37d57d82280d54b05370099ac5f968e6, T_time:1620340814.236674 > B_time(i:0):1620340813.696487)
2021-05-06 18:40:14,401 consensus:143 - DEBUG: Received blank message at port 8100
2021-05-06 18:40:14,442 main:76 - INFO: Node started at port 8105 with hash 663853169f858c68b8a71abb26012c78d2d06cfee3051f741d875c5a9dc54d87
2021-05-06 18:40:14,453 communication:109 - DEBUG: Validators updated at node 8105 from introduction
2021-05-06 18:40:14,456 blockchain_funcs:250 - DEBUG: adding transaction at port 8101, new size: 5 (hash: 42b8e703e04a52cfe53fbb19874de3ccb5410160b15af2f466d9804c843c643f, T_time:1620340814.450707 > B_time(i:0):1620340813.696487)
2021-05-06 18:40:14,458 communication:299 - DEBUG: node 8105 received response from 8101, 1/4
2021-05-06 18:40:14,458 communication:330 - DEBUG: Response timer STARTED at node 8105
2021-05-06 18:40:14,460 blockchain_funcs:250 - DEBUG: adding transaction at port 8102, new size: 5 (hash: 42b8e703e04a52cfe53fbb19874de3ccb5410160b15af2f466d9804c843c643f, T_time:1620340814.450707 > B_time(i:0):1620340813.696487)
2021-05-06 18:40:14,462 communication:299 - DEBUG: node 8105 received response from 8102, 2/4
2021-05-06 18:40:14,463 blockchain_funcs:250 - DEBUG: adding transaction at port 8103, new size: 5 (hash: 42b8e703e04a52cfe53fbb19874de3ccb5410160b15af2f466d9804c843c643f, T_time:1620340814.450707 > B_time(i:0):1620340813.696487)
2021-05-06 18:40:14,464 communication:299 - DEBUG: node 8105 received response from 8103, 3/4
2021-05-06 18:40:14,466 blockchain_funcs:250 - DEBUG: adding transaction at port 8104, new size: 5 (hash: 42b8e703e04a52cfe53fbb19874de3ccb5410160b15af2f466d9804c843c643f, T_time:1620340814.450707 > B_time(i:0):1620340813.696487)
2021-05-06 18:40:14,466 blockchain_funcs:250 - DEBUG: adding transaction at port 8100, new size: 5 (hash: 42b8e703e04a52cfe53fbb19874de3ccb5410160b15af2f466d9804c843c643f, T_time:1620340814.450707 > B_time(i:0):1620340813.696487)
2021-05-06 18:40:14,466 communication:299 - DEBUG: node 8105 received response from 8104, 4/4
2021-05-06 18:40:14,467 communication:337 - DEBUG: node 8105 is performing consensus after 4/4 
2021-05-06 18:40:14,467 blockchain_funcs:397 - DEBUG: Response timer STOPPED at node 8105
2021-05-06 18:40:14,467 blockchain_funcs:419 - DEBUG: node: 8105 bf_consensus (idx:-1) popping e0e401506941f73be77ff0308ffd5906cf3eef2c0d403c39e9799d193dbc483f
2021-05-06 18:40:14,467 blockchain_funcs:428 - DEBUG: node: 8105 bf_consensus adding 1637811a0e12e35ab0e937c4f89c4035addb1ea2b9c4ac92c3584c8dd8062a30
2021-05-06 18:40:14,467 blockchain_funcs:432 - DEBUG: Consensus performed, resulting chain: 1637811a0e12e35ab0e937c4f89c4035addb1ea2b9c4ac92c3584c8dd8062a30
2021-05-06 18:40:14,467 blockchain_funcs:250 - DEBUG: adding transaction at port 8105, new size: 1 (hash: 408a286104550b6a0cdc2f7590cedec33d9421b82f443f13241ee0d1623e26f8, T_time:1620340813.7143822 > B_time(i:0):1620340813.696487)
2021-05-06 18:40:14,467 blockchain_funcs:250 - DEBUG: adding transaction at port 8105, new size: 2 (hash: 35d68f2be6206ccacca6ada493a90599ecbb4c4aa7879e509e71e3b08475930b, T_time:1620340813.823678 > B_time(i:0):1620340813.696487)
2021-05-06 18:40:14,467 blockchain_funcs:250 - DEBUG: adding transaction at port 8105, new size: 3 (hash: 0160b747bc7c46b40f8d626db0011fe2faf4db0bc30b889e9ad3b2f7a0927612, T_time:1620340814.0149891 > B_time(i:0):1620340813.696487)
2021-05-06 18:40:14,467 blockchain_funcs:250 - DEBUG: adding transaction at port 8105, new size: 4 (hash: f03776a505250e41e5149e85f17b6e3e37d57d82280d54b05370099ac5f968e6, T_time:1620340814.236674 > B_time(i:0):1620340813.696487)
2021-05-06 18:40:14,468 blockchain_funcs:448 - DEBUG: Transaction Consensus completed at node 8105, resulting size:4
2021-05-06 18:40:14,468 blockchain_funcs:482 - DEBUG: node 8105 consensus reset
2021-05-06 18:40:14,470 blockchain_funcs:250 - DEBUG: adding transaction at port 8105, new size: 5 (hash: 42b8e703e04a52cfe53fbb19874de3ccb5410160b15af2f466d9804c843c643f, T_time:1620340814.450707 > B_time(i:0):1620340813.696487)
